{"/Users/jccode/HR/rpp2210-sdc-lilac-reviews/database/db.js": {"path":"/Users/jccode/HR/rpp2210-sdc-lilac-reviews/database/db.js","statementMap":{"0":{"start":{"line":1,"column":17},"end":{"line":1,"column":30}},"1":{"start":{"line":2,"column":0},"end":{"line":2,"column":27}},"2":{"start":{"line":14,"column":13},"end":{"line":20,"column":2}},"3":{"start":{"line":22,"column":0},"end":{"line":48,"column":1}},"4":{"start":{"line":24,"column":4},"end":{"line":24,"column":36}}},"fnMap":{"0":{"name":"(anonymous_0)","decl":{"start":{"line":23,"column":9},"end":{"line":23,"column":10}},"loc":{"start":{"line":23,"column":37},"end":{"line":25,"column":3}},"line":23}},"branchMap":{},"s":{"0":1,"1":1,"2":1,"3":1,"4":32},"f":{"0":32},"b":{},"_coverageSchema":"1a1c01bbd47fc00a2c39e90264f33305004495a9","hash":"d6d0b4241c359952f2a086f31e726dadbefde3a8"}
,"/Users/jccode/HR/rpp2210-sdc-lilac-reviews/server/controllers.js": {"path":"/Users/jccode/HR/rpp2210-sdc-lilac-reviews/server/controllers.js","statementMap":{"0":{"start":{"line":1,"column":15},"end":{"line":1,"column":34}},"1":{"start":{"line":3,"column":0},"end":{"line":33,"column":1}},"2":{"start":{"line":5,"column":4},"end":{"line":7,"column":64}},"3":{"start":{"line":6,"column":23},"end":{"line":6,"column":67}},"4":{"start":{"line":7,"column":21},"end":{"line":7,"column":62}},"5":{"start":{"line":11,"column":4},"end":{"line":13,"column":61}},"6":{"start":{"line":12,"column":23},"end":{"line":12,"column":51}},"7":{"start":{"line":13,"column":21},"end":{"line":13,"column":59}},"8":{"start":{"line":17,"column":4},"end":{"line":19,"column":64}},"9":{"start":{"line":18,"column":23},"end":{"line":18,"column":51}},"10":{"start":{"line":19,"column":21},"end":{"line":19,"column":62}},"11":{"start":{"line":23,"column":4},"end":{"line":25,"column":61}},"12":{"start":{"line":24,"column":23},"end":{"line":24,"column":51}},"13":{"start":{"line":25,"column":21},"end":{"line":25,"column":59}},"14":{"start":{"line":29,"column":4},"end":{"line":31,"column":63}},"15":{"start":{"line":30,"column":23},"end":{"line":30,"column":51}},"16":{"start":{"line":31,"column":21},"end":{"line":31,"column":61}}},"fnMap":{"0":{"name":"(anonymous_0)","decl":{"start":{"line":4,"column":11},"end":{"line":4,"column":12}},"loc":{"start":{"line":4,"column":25},"end":{"line":8,"column":3}},"line":4},"1":{"name":"(anonymous_1)","decl":{"start":{"line":6,"column":10},"end":{"line":6,"column":11}},"loc":{"start":{"line":6,"column":22},"end":{"line":6,"column":68}},"line":6},"2":{"name":"(anonymous_2)","decl":{"start":{"line":7,"column":11},"end":{"line":7,"column":12}},"loc":{"start":{"line":7,"column":20},"end":{"line":7,"column":63}},"line":7},"3":{"name":"(anonymous_3)","decl":{"start":{"line":10,"column":11},"end":{"line":10,"column":12}},"loc":{"start":{"line":10,"column":25},"end":{"line":14,"column":3}},"line":10},"4":{"name":"(anonymous_4)","decl":{"start":{"line":12,"column":10},"end":{"line":12,"column":11}},"loc":{"start":{"line":12,"column":22},"end":{"line":12,"column":52}},"line":12},"5":{"name":"(anonymous_5)","decl":{"start":{"line":13,"column":11},"end":{"line":13,"column":12}},"loc":{"start":{"line":13,"column":20},"end":{"line":13,"column":60}},"line":13},"6":{"name":"(anonymous_6)","decl":{"start":{"line":16,"column":14},"end":{"line":16,"column":15}},"loc":{"start":{"line":16,"column":28},"end":{"line":20,"column":3}},"line":16},"7":{"name":"(anonymous_7)","decl":{"start":{"line":18,"column":10},"end":{"line":18,"column":11}},"loc":{"start":{"line":18,"column":22},"end":{"line":18,"column":52}},"line":18},"8":{"name":"(anonymous_8)","decl":{"start":{"line":19,"column":11},"end":{"line":19,"column":12}},"loc":{"start":{"line":19,"column":20},"end":{"line":19,"column":63}},"line":19},"9":{"name":"(anonymous_9)","decl":{"start":{"line":22,"column":14},"end":{"line":22,"column":15}},"loc":{"start":{"line":22,"column":28},"end":{"line":26,"column":3}},"line":22},"10":{"name":"(anonymous_10)","decl":{"start":{"line":24,"column":10},"end":{"line":24,"column":11}},"loc":{"start":{"line":24,"column":22},"end":{"line":24,"column":52}},"line":24},"11":{"name":"(anonymous_11)","decl":{"start":{"line":25,"column":11},"end":{"line":25,"column":12}},"loc":{"start":{"line":25,"column":20},"end":{"line":25,"column":60}},"line":25},"12":{"name":"(anonymous_12)","decl":{"start":{"line":28,"column":13},"end":{"line":28,"column":14}},"loc":{"start":{"line":28,"column":27},"end":{"line":32,"column":3}},"line":28},"13":{"name":"(anonymous_13)","decl":{"start":{"line":30,"column":10},"end":{"line":30,"column":11}},"loc":{"start":{"line":30,"column":22},"end":{"line":30,"column":52}},"line":30},"14":{"name":"(anonymous_14)","decl":{"start":{"line":31,"column":11},"end":{"line":31,"column":12}},"loc":{"start":{"line":31,"column":20},"end":{"line":31,"column":62}},"line":31}},"branchMap":{},"s":{"0":1,"1":1,"2":1,"3":1,"4":0,"5":1,"6":1,"7":0,"8":0,"9":0,"10":0,"11":0,"12":0,"13":0,"14":0,"15":0,"16":0},"f":{"0":1,"1":1,"2":0,"3":1,"4":1,"5":0,"6":0,"7":0,"8":0,"9":0,"10":0,"11":0,"12":0,"13":0,"14":0},"b":{},"_coverageSchema":"1a1c01bbd47fc00a2c39e90264f33305004495a9","hash":"eb4eecd5712fd0ef48cba283e220f16d1297c737"}
,"/Users/jccode/HR/rpp2210-sdc-lilac-reviews/server/index.js": {"path":"/Users/jccode/HR/rpp2210-sdc-lilac-reviews/server/index.js","statementMap":{"0":{"start":{"line":1,"column":16},"end":{"line":1,"column":34}},"1":{"start":{"line":2,"column":17},"end":{"line":2,"column":39}},"2":{"start":{"line":3,"column":12},"end":{"line":3,"column":21}},"3":{"start":{"line":4,"column":13},"end":{"line":4,"column":17}},"4":{"start":{"line":5,"column":15},"end":{"line":5,"column":37}},"5":{"start":{"line":7,"column":0},"end":{"line":7,"column":24}},"6":{"start":{"line":8,"column":0},"end":{"line":8,"column":21}},"7":{"start":{"line":17,"column":0},"end":{"line":19,"column":2}},"8":{"start":{"line":18,"column":2},"end":{"line":18,"column":56}}},"fnMap":{"0":{"name":"(anonymous_0)","decl":{"start":{"line":17,"column":17},"end":{"line":17,"column":18}},"loc":{"start":{"line":17,"column":23},"end":{"line":19,"column":1}},"line":17}},"branchMap":{},"s":{"0":1,"1":1,"2":1,"3":1,"4":1,"5":1,"6":1,"7":1,"8":1},"f":{"0":1},"b":{},"_coverageSchema":"1a1c01bbd47fc00a2c39e90264f33305004495a9","hash":"7b6e8a5ea8c6f8a984bae11869e50ca1b6493951"}
,"/Users/jccode/HR/rpp2210-sdc-lilac-reviews/server/models.js": {"path":"/Users/jccode/HR/rpp2210-sdc-lilac-reviews/server/models.js","statementMap":{"0":{"start":{"line":1,"column":11},"end":{"line":1,"column":41}},"1":{"start":{"line":3,"column":0},"end":{"line":139,"column":1}},"2":{"start":{"line":5,"column":23},"end":{"line":5,"column":39}},"3":{"start":{"line":6,"column":17},"end":{"line":6,"column":32}},"4":{"start":{"line":7,"column":18},"end":{"line":7,"column":34}},"5":{"start":{"line":8,"column":19},"end":{"line":8,"column":37}},"6":{"start":{"line":9,"column":19},"end":{"line":9,"column":46}},"7":{"start":{"line":10,"column":19},"end":{"line":10,"column":122}},"8":{"start":{"line":12,"column":4},"end":{"line":15,"column":5}},"9":{"start":{"line":12,"column":17},"end":{"line":12,"column":18}},"10":{"start":{"line":13,"column":17},"end":{"line":13,"column":54}},"11":{"start":{"line":14,"column":6},"end":{"line":14,"column":47}},"12":{"start":{"line":17,"column":4},"end":{"line":20,"column":5}},"13":{"start":{"line":17,"column":17},"end":{"line":17,"column":18}},"14":{"start":{"line":18,"column":24},"end":{"line":18,"column":112}},"15":{"start":{"line":19,"column":6},"end":{"line":19,"column":47}},"16":{"start":{"line":22,"column":4},"end":{"line":22,"column":18}},"17":{"start":{"line":26,"column":23},"end":{"line":26,"column":39}},"18":{"start":{"line":28,"column":15},"end":{"line":28,"column":96}},"19":{"start":{"line":29,"column":25},"end":{"line":29,"column":34}},"20":{"start":{"line":30,"column":18},"end":{"line":30,"column":20}},"21":{"start":{"line":31,"column":4},"end":{"line":37,"column":5}},"22":{"start":{"line":31,"column":17},"end":{"line":31,"column":18}},"23":{"start":{"line":32,"column":6},"end":{"line":36,"column":7}},"24":{"start":{"line":33,"column":8},"end":{"line":33,"column":46}},"25":{"start":{"line":35,"column":8},"end":{"line":35,"column":44}},"26":{"start":{"line":39,"column":15},"end":{"line":39,"column":99}},"27":{"start":{"line":40,"column":27},"end":{"line":40,"column":36}},"28":{"start":{"line":41,"column":22},"end":{"line":41,"column":41}},"29":{"start":{"line":42,"column":4},"end":{"line":48,"column":5}},"30":{"start":{"line":42,"column":17},"end":{"line":42,"column":18}},"31":{"start":{"line":43,"column":6},"end":{"line":47,"column":7}},"32":{"start":{"line":44,"column":8},"end":{"line":44,"column":28}},"33":{"start":{"line":46,"column":8},"end":{"line":46,"column":27}},"34":{"start":{"line":50,"column":21},"end":{"line":50,"column":105}},"35":{"start":{"line":51,"column":21},"end":{"line":51,"column":36}},"36":{"start":{"line":52,"column":35},"end":{"line":52,"column":37}},"37":{"start":{"line":53,"column":32},"end":{"line":53,"column":34}},"38":{"start":{"line":55,"column":4},"end":{"line":65,"column":5}},"39":{"start":{"line":55,"column":17},"end":{"line":55,"column":18}},"40":{"start":{"line":56,"column":38},"end":{"line":56,"column":142}},"41":{"start":{"line":57,"column":6},"end":{"line":64,"column":7}},"42":{"start":{"line":57,"column":19},"end":{"line":57,"column":20}},"43":{"start":{"line":58,"column":8},"end":{"line":63,"column":9}},"44":{"start":{"line":59,"column":10},"end":{"line":59,"column":90}},"45":{"start":{"line":60,"column":10},"end":{"line":60,"column":131}},"46":{"start":{"line":62,"column":10},"end":{"line":62,"column":131}},"47":{"start":{"line":66,"column":20},"end":{"line":66,"column":73}},"48":{"start":{"line":66,"column":29},"end":{"line":66,"column":73}},"49":{"start":{"line":66,"column":52},"end":{"line":66,"column":57}},"50":{"start":{"line":68,"column":26},"end":{"line":68,"column":28}},"51":{"start":{"line":69,"column":4},"end":{"line":72,"column":5}},"52":{"start":{"line":70,"column":31},"end":{"line":70,"column":118}},"53":{"start":{"line":71,"column":6},"end":{"line":71,"column":130}},"54":{"start":{"line":73,"column":15},"end":{"line":78,"column":5}},"55":{"start":{"line":79,"column":4},"end":{"line":79,"column":16}},"56":{"start":{"line":83,"column":24},"end":{"line":83,"column":70}},"57":{"start":{"line":84,"column":22},"end":{"line":84,"column":59}},"58":{"start":{"line":85,"column":23},"end":{"line":85,"column":39}},"59":{"start":{"line":86,"column":19},"end":{"line":86,"column":31}},"60":{"start":{"line":87,"column":20},"end":{"line":87,"column":33}},"61":{"start":{"line":88,"column":17},"end":{"line":88,"column":27}},"62":{"start":{"line":89,"column":22},"end":{"line":89,"column":37}},"63":{"start":{"line":90,"column":17},"end":{"line":90,"column":46}},"64":{"start":{"line":91,"column":17},"end":{"line":91,"column":27}},"65":{"start":{"line":92,"column":18},"end":{"line":92,"column":29}},"66":{"start":{"line":93,"column":19},"end":{"line":93,"column":31}},"67":{"start":{"line":94,"column":28},"end":{"line":94,"column":49}},"68":{"start":{"line":95,"column":25},"end":{"line":95,"column":117}},"69":{"start":{"line":97,"column":4},"end":{"line":112,"column":20}},"70":{"start":{"line":115,"column":23},"end":{"line":115,"column":68}},"71":{"start":{"line":116,"column":21},"end":{"line":116,"column":57}},"72":{"start":{"line":117,"column":24},"end":{"line":117,"column":53}},"73":{"start":{"line":118,"column":4},"end":{"line":118,"column":99}},"74":{"start":{"line":121,"column":4},"end":{"line":126,"column":5}},"75":{"start":{"line":122,"column":34},"end":{"line":122,"column":96}},"76":{"start":{"line":123,"column":32},"end":{"line":123,"column":77}},"77":{"start":{"line":124,"column":35},"end":{"line":124,"column":92}},"78":{"start":{"line":125,"column":6},"end":{"line":125,"column":168}},"79":{"start":{"line":131,"column":22},"end":{"line":131,"column":37}},"80":{"start":{"line":132,"column":4},"end":{"line":132,"column":105}},"81":{"start":{"line":136,"column":22},"end":{"line":136,"column":37}},"82":{"start":{"line":137,"column":4},"end":{"line":137,"column":91}}},"fnMap":{"0":{"name":"(anonymous_0)","decl":{"start":{"line":4,"column":11},"end":{"line":4,"column":12}},"loc":{"start":{"line":4,"column":28},"end":{"line":23,"column":3}},"line":4},"1":{"name":"(anonymous_1)","decl":{"start":{"line":25,"column":11},"end":{"line":25,"column":12}},"loc":{"start":{"line":25,"column":28},"end":{"line":80,"column":3}},"line":25},"2":{"name":"(anonymous_2)","decl":{"start":{"line":66,"column":20},"end":{"line":66,"column":21}},"loc":{"start":{"line":66,"column":29},"end":{"line":66,"column":73}},"line":66},"3":{"name":"(anonymous_3)","decl":{"start":{"line":66,"column":42},"end":{"line":66,"column":43}},"loc":{"start":{"line":66,"column":52},"end":{"line":66,"column":57}},"line":66},"4":{"name":"(anonymous_4)","decl":{"start":{"line":82,"column":14},"end":{"line":82,"column":15}},"loc":{"start":{"line":82,"column":31},"end":{"line":128,"column":3}},"line":82},"5":{"name":"(anonymous_5)","decl":{"start":{"line":130,"column":14},"end":{"line":130,"column":15}},"loc":{"start":{"line":130,"column":31},"end":{"line":133,"column":3}},"line":130},"6":{"name":"(anonymous_6)","decl":{"start":{"line":135,"column":13},"end":{"line":135,"column":14}},"loc":{"start":{"line":135,"column":30},"end":{"line":138,"column":3}},"line":135}},"branchMap":{"0":{"loc":{"start":{"line":6,"column":17},"end":{"line":6,"column":32}},"type":"binary-expr","locations":[{"start":{"line":6,"column":17},"end":{"line":6,"column":27}},{"start":{"line":6,"column":31},"end":{"line":6,"column":32}}],"line":6},"1":{"loc":{"start":{"line":7,"column":18},"end":{"line":7,"column":34}},"type":"binary-expr","locations":[{"start":{"line":7,"column":18},"end":{"line":7,"column":29}},{"start":{"line":7,"column":33},"end":{"line":7,"column":34}}],"line":7},"2":{"loc":{"start":{"line":32,"column":6},"end":{"line":36,"column":7}},"type":"if","locations":[{"start":{"line":32,"column":6},"end":{"line":36,"column":7}},{"start":{"line":34,"column":13},"end":{"line":36,"column":7}}],"line":32},"3":{"loc":{"start":{"line":43,"column":6},"end":{"line":47,"column":7}},"type":"if","locations":[{"start":{"line":43,"column":6},"end":{"line":47,"column":7}},{"start":{"line":45,"column":13},"end":{"line":47,"column":7}}],"line":43},"4":{"loc":{"start":{"line":58,"column":8},"end":{"line":63,"column":9}},"type":"if","locations":[{"start":{"line":58,"column":8},"end":{"line":63,"column":9}},{"start":{"line":61,"column":15},"end":{"line":63,"column":9}}],"line":58}},"s":{"0":1,"1":1,"2":1,"3":1,"4":1,"5":1,"6":1,"7":1,"8":1,"9":1,"10":5,"11":5,"12":1,"13":1,"14":5,"15":5,"16":1,"17":1,"18":1,"19":1,"20":1,"21":1,"22":1,"23":18,"24":5,"25":13,"26":1,"27":1,"28":1,"29":1,"30":1,"31":18,"32":5,"33":13,"34":1,"35":1,"36":1,"37":1,"38":1,"39":1,"40":18,"41":18,"42":18,"43":69,"44":5,"45":5,"46":64,"47":1,"48":5,"49":64,"50":1,"51":1,"52":5,"53":5,"54":1,"55":1,"56":0,"57":0,"58":0,"59":0,"60":0,"61":0,"62":0,"63":0,"64":0,"65":0,"66":0,"67":0,"68":0,"69":0,"70":0,"71":0,"72":0,"73":0,"74":0,"75":0,"76":0,"77":0,"78":0,"79":0,"80":0,"81":0,"82":0},"f":{"0":1,"1":1,"2":5,"3":64,"4":0,"5":0,"6":0},"b":{"0":[1,0],"1":[1,0],"2":[5,13],"3":[5,13],"4":[5,64]},"_coverageSchema":"1a1c01bbd47fc00a2c39e90264f33305004495a9","hash":"253f94e8cc485e22f81edfb163fdf9b67b550da0"}
,"/Users/jccode/HR/rpp2210-sdc-lilac-reviews/server/routes.js": {"path":"/Users/jccode/HR/rpp2210-sdc-lilac-reviews/server/routes.js","statementMap":{"0":{"start":{"line":1,"column":16},"end":{"line":1,"column":34}},"1":{"start":{"line":2,"column":15},"end":{"line":2,"column":31}},"2":{"start":{"line":3,"column":20},"end":{"line":3,"column":47}},"3":{"start":{"line":7,"column":0},"end":{"line":7,"column":44}},"4":{"start":{"line":9,"column":0},"end":{"line":9,"column":49}},"5":{"start":{"line":11,"column":0},"end":{"line":11,"column":48}},"6":{"start":{"line":13,"column":0},"end":{"line":13,"column":66}},"7":{"start":{"line":15,"column":0},"end":{"line":15,"column":64}},"8":{"start":{"line":17,"column":0},"end":{"line":17,"column":24}}},"fnMap":{},"branchMap":{},"s":{"0":1,"1":1,"2":1,"3":1,"4":1,"5":1,"6":1,"7":1,"8":1},"f":{},"b":{},"_coverageSchema":"1a1c01bbd47fc00a2c39e90264f33305004495a9","hash":"fec90e6f73388485c05fe2aedc0c9c65ad449b14"}
}
