TN:
SF:database/db.js
FN:23,(anonymous_0)
FNF:1
FNH:1
FNDA:32,(anonymous_0)
DA:1,1
DA:2,1
DA:14,1
DA:22,1
DA:24,32
LF:5
LH:5
BRF:0
BRH:0
end_of_record
TN:
SF:server/controllers.js
FN:4,(anonymous_0)
FN:6,(anonymous_1)
FN:7,(anonymous_2)
FN:10,(anonymous_3)
FN:12,(anonymous_4)
FN:13,(anonymous_5)
FN:16,(anonymous_6)
FN:18,(anonymous_7)
FN:19,(anonymous_8)
FN:22,(anonymous_9)
FN:24,(anonymous_10)
FN:25,(anonymous_11)
FN:28,(anonymous_12)
FN:30,(anonymous_13)
FN:31,(anonymous_14)
FNF:15
FNH:4
FNDA:1,(anonymous_0)
FNDA:1,(anonymous_1)
FNDA:0,(anonymous_2)
FNDA:1,(anonymous_3)
FNDA:1,(anonymous_4)
FNDA:0,(anonymous_5)
FNDA:0,(anonymous_6)
FNDA:0,(anonymous_7)
FNDA:0,(anonymous_8)
FNDA:0,(anonymous_9)
FNDA:0,(anonymous_10)
FNDA:0,(anonymous_11)
FNDA:0,(anonymous_12)
FNDA:0,(anonymous_13)
FNDA:0,(anonymous_14)
DA:1,1
DA:3,1
DA:5,1
DA:6,1
DA:7,0
DA:11,1
DA:12,1
DA:13,0
DA:17,0
DA:18,0
DA:19,0
DA:23,0
DA:24,0
DA:25,0
DA:29,0
DA:30,0
DA:31,0
LF:17
LH:6
BRF:0
BRH:0
end_of_record
TN:
SF:server/index.js
FN:17,(anonymous_0)
FNF:1
FNH:1
FNDA:1,(anonymous_0)
DA:1,1
DA:2,1
DA:3,1
DA:4,1
DA:5,1
DA:7,1
DA:8,1
DA:17,1
DA:18,1
LF:9
LH:9
BRF:0
BRH:0
end_of_record
TN:
SF:server/models.js
FN:4,(anonymous_0)
FN:25,(anonymous_1)
FN:66,(anonymous_2)
FN:66,(anonymous_3)
FN:82,(anonymous_4)
FN:130,(anonymous_5)
FN:135,(anonymous_6)
FNF:7
FNH:4
FNDA:1,(anonymous_0)
FNDA:1,(anonymous_1)
FNDA:5,(anonymous_2)
FNDA:64,(anonymous_3)
FNDA:0,(anonymous_4)
FNDA:0,(anonymous_5)
FNDA:0,(anonymous_6)
DA:1,1
DA:3,1
DA:5,1
DA:6,1
DA:7,1
DA:8,1
DA:9,1
DA:10,1
DA:12,1
DA:13,5
DA:14,5
DA:17,1
DA:18,5
DA:19,5
DA:22,1
DA:26,1
DA:28,1
DA:29,1
DA:30,1
DA:31,1
DA:32,18
DA:33,5
DA:35,13
DA:39,1
DA:40,1
DA:41,1
DA:42,1
DA:43,18
DA:44,5
DA:46,13
DA:50,1
DA:51,1
DA:52,1
DA:53,1
DA:55,1
DA:56,18
DA:57,18
DA:58,69
DA:59,5
DA:60,5
DA:62,64
DA:66,64
DA:68,1
DA:69,1
DA:70,5
DA:71,5
DA:73,1
DA:79,1
DA:83,0
DA:84,0
DA:85,0
DA:86,0
DA:87,0
DA:88,0
DA:89,0
DA:90,0
DA:91,0
DA:92,0
DA:93,0
DA:94,0
DA:95,0
DA:97,0
DA:115,0
DA:116,0
DA:117,0
DA:118,0
DA:121,0
DA:122,0
DA:123,0
DA:124,0
DA:125,0
DA:131,0
DA:132,0
DA:136,0
DA:137,0
LF:75
LH:48
BRDA:6,0,0,1
BRDA:6,0,1,0
BRDA:7,1,0,1
BRDA:7,1,1,0
BRDA:32,2,0,5
BRDA:32,2,1,13
BRDA:43,3,0,5
BRDA:43,3,1,13
BRDA:58,4,0,5
BRDA:58,4,1,64
BRF:10
BRH:8
end_of_record
TN:
SF:server/routes.js
FNF:0
FNH:0
DA:1,1
DA:2,1
DA:3,1
DA:7,1
DA:9,1
DA:11,1
DA:13,1
DA:15,1
DA:17,1
LF:9
LH:9
BRF:0
BRH:0
end_of_record
